0 info it worked if it ends with ok
1 verbose cli [ 'C:\\Program Files\\nodejs\\\\node.exe',
1 verbose cli   'C:\\Program Files\\nodejs\\node_modules\\npm\\bin\\npm-cli.js',
1 verbose cli   'install' ]
2 info using npm@1.4.28
3 info using node@v0.10.35
4 verbose node symlink C:\Program Files\nodejs\\node.exe
5 verbose readDependencies using package.json deps
6 verbose install where, deps [ 'C:\\Users\\SDRM3782\\workspace\\test',
6 verbose install   [ 'express', 'jade' ] ]
7 info preinstall test@0.0.1
8 verbose readDependencies using package.json deps
9 verbose cache add [ 'express@3.2.6', null ]
10 verbose cache add name=undefined spec="express@3.2.6" args=["express@3.2.6",null]
11 verbose parsed url { protocol: null,
11 verbose parsed url   slashes: null,
11 verbose parsed url   auth: null,
11 verbose parsed url   host: null,
11 verbose parsed url   port: null,
11 verbose parsed url   hostname: null,
11 verbose parsed url   hash: null,
11 verbose parsed url   search: null,
11 verbose parsed url   query: null,
11 verbose parsed url   pathname: 'express@3.2.6',
11 verbose parsed url   path: 'express@3.2.6',
11 verbose parsed url   href: 'express@3.2.6' }
12 verbose cache add [ 'jade@*', null ]
13 verbose cache add name=undefined spec="jade@*" args=["jade@*",null]
14 verbose parsed url { protocol: null,
14 verbose parsed url   slashes: null,
14 verbose parsed url   auth: null,
14 verbose parsed url   host: null,
14 verbose parsed url   port: null,
14 verbose parsed url   hostname: null,
14 verbose parsed url   hash: null,
14 verbose parsed url   search: null,
14 verbose parsed url   query: null,
14 verbose parsed url   pathname: 'jade@*',
14 verbose parsed url   path: 'jade@*',
14 verbose parsed url   href: 'jade@*' }
15 verbose cache add name="express" spec="3.2.6" args=["express","3.2.6"]
16 verbose parsed url { protocol: null,
16 verbose parsed url   slashes: null,
16 verbose parsed url   auth: null,
16 verbose parsed url   host: null,
16 verbose parsed url   port: null,
16 verbose parsed url   hostname: null,
16 verbose parsed url   hash: null,
16 verbose parsed url   search: null,
16 verbose parsed url   query: null,
16 verbose parsed url   pathname: '3.2.6',
16 verbose parsed url   path: '3.2.6',
16 verbose parsed url   href: '3.2.6' }
17 verbose addNamed [ 'express', '3.2.6' ]
18 verbose addNamed [ '3.2.6', '3.2.6' ]
19 verbose cache add name="jade" spec="*" args=["jade","*"]
20 verbose parsed url { protocol: null,
20 verbose parsed url   slashes: null,
20 verbose parsed url   auth: null,
20 verbose parsed url   host: null,
20 verbose parsed url   port: null,
20 verbose parsed url   hostname: null,
20 verbose parsed url   hash: null,
20 verbose parsed url   search: null,
20 verbose parsed url   query: null,
20 verbose parsed url   pathname: '*',
20 verbose parsed url   path: '*',
20 verbose parsed url   href: '*' }
21 verbose addNamed [ 'jade', '*' ]
22 verbose addNamed [ null, '*' ]
23 silly lockFile fdae4232-express-3-2-6 express@3.2.6
24 verbose lock express@3.2.6 C:\Users\SDRM3782\AppData\Roaming\npm-cache\fdae4232-express-3-2-6.lock
25 silly lockFile ad03ed78-jade jade@*
26 verbose lock jade@* C:\Users\SDRM3782\AppData\Roaming\npm-cache\ad03ed78-jade.lock
27 silly addNameRange { name: 'jade', range: '*', hasData: false }
28 verbose request where is /express
29 verbose request registry https://registry.npmjs.org/
30 verbose request id f23407164ffe7c1c
31 verbose url raw /express
32 verbose url resolving [ 'https://registry.npmjs.org/', './express' ]
33 verbose url resolved https://registry.npmjs.org/express
34 verbose request where is https://registry.npmjs.org/express
35 info trying registry request attempt 1 at 12:31:34
36 http GET https://registry.npmjs.org/express
37 verbose request where is /jade
38 verbose request registry https://registry.npmjs.org/
39 verbose url raw /jade
40 verbose url resolving [ 'https://registry.npmjs.org/', './jade' ]
41 verbose url resolved https://registry.npmjs.org/jade
42 verbose request where is https://registry.npmjs.org/jade
43 info trying registry request attempt 1 at 12:31:34
44 http GET https://registry.npmjs.org/jade
45 info retry will retry, error on last attempt: Error: connect ECONNREFUSED
46 info retry will retry, error on last attempt: Error: connect ECONNREFUSED
47 info trying registry request attempt 2 at 12:31:45
48 http GET https://registry.npmjs.org/express
49 info trying registry request attempt 2 at 12:31:45
50 http GET https://registry.npmjs.org/jade
51 info retry will retry, error on last attempt: Error: connect ECONNREFUSED
52 info retry will retry, error on last attempt: Error: connect ECONNREFUSED
53 info trying registry request attempt 3 at 12:32:46
54 http GET https://registry.npmjs.org/express
55 info trying registry request attempt 3 at 12:32:46
56 http GET https://registry.npmjs.org/jade
57 silly lockFile ad03ed78-jade jade@*
58 silly lockFile ad03ed78-jade jade@*
59 silly lockFile fdae4232-express-3-2-6 express@3.2.6
60 silly lockFile fdae4232-express-3-2-6 express@3.2.6
61 error Error: connect ECONNREFUSED
61 error     at errnoException (net.js:905:11)
61 error     at Object.afterConnect [as oncomplete] (net.js:896:19)
61 error  { [Error: connect ECONNREFUSED]
61 error   code: 'ECONNREFUSED',
61 error   errno: 'ECONNREFUSED',
61 error   syscall: 'connect',
61 error   parent: 'test' }
62 error If you are behind a proxy, please make sure that the
62 error 'proxy' config is set properly.  See: 'npm help config'
63 error System Windows_NT 6.1.7601
64 error command "C:\\Program Files\\nodejs\\\\node.exe" "C:\\Program Files\\nodejs\\node_modules\\npm\\bin\\npm-cli.js" "install"
65 error cwd C:\Users\SDRM3782\workspace\test
66 error node -v v0.10.35
67 error npm -v 1.4.28
68 error syscall connect
69 error code ECONNREFUSED
70 error errno ECONNREFUSED
71 error stack Error: connect ECONNREFUSED
71 error stack     at errnoException (net.js:905:11)
71 error stack     at Object.afterConnect [as oncomplete] (net.js:896:19)
72 verbose exit [ 1, true ]
